<?xml version="1.0" encoding="UTF-8"?>
<testsuites name="jest tests" tests="284" failures="0" errors="0" time="8.528">
  <testsuite name="auth" errors="0" failures="0" skipped="0" timestamp="2026-04-10T10:06:39" time="1.315" tests="50">
    <testcase classname="auth should return an object" name="auth should return an object" time="0.003">
    </testcase>
    <testcase classname="auth should name the plugin" name="auth should name the plugin" time="0">
    </testcase>
    <testcase classname="auth should have a register function" name="auth should have a register function" time="0">
    </testcase>
    <testcase classname="auth getBellOptions should return an object" name="auth getBellOptions should return an object" time="0">
    </testcase>
    <testcase classname="auth getBellOptions should set client id from config" name="auth getBellOptions should set client id from config" time="0.001">
    </testcase>
    <testcase classname="auth getBellOptions should set client secret from config" name="auth getBellOptions should set client secret from config" time="0">
    </testcase>
    <testcase classname="auth getBellOptions should set cookie password from config" name="auth getBellOptions should set cookie password from config" time="0">
    </testcase>
    <testcase classname="auth getBellOptions should set isSecure from config" name="auth getBellOptions should set isSecure from config" time="0">
    </testcase>
    <testcase classname="auth getBellOptions should set forceHttps from config" name="auth getBellOptions should set forceHttps from config" time="0">
    </testcase>
    <testcase classname="auth getBellOptions should have a location function" name="auth getBellOptions should have a location function" time="0">
    </testcase>
    <testcase classname="auth getBellOptions should have a providerParams function" name="auth getBellOptions should have a providerParams function" time="0">
    </testcase>
    <testcase classname="auth getBellOptions location should return redirectUrl from config" name="auth getBellOptions location should return redirectUrl from config" time="0">
    </testcase>
    <testcase classname="auth getBellOptions location should check redirect link is safe if redirect query param is present" name="auth getBellOptions location should check redirect link is safe if redirect query param is present" time="0">
    </testcase>
    <testcase classname="auth getBellOptions location should set safe redirect path in session if redirect query param is present" name="auth getBellOptions location should set safe redirect path in session if redirect query param is present" time="0">
    </testcase>
    <testcase classname="auth getBellOptions providerParams should return an object" name="auth getBellOptions providerParams should return an object" time="0">
    </testcase>
    <testcase classname="auth getBellOptions providerParams should include response_mode as query" name="auth getBellOptions providerParams should include response_mode as query" time="0">
    </testcase>
    <testcase classname="auth getBellOptions provider should be an object" name="auth getBellOptions provider should be an object" time="0">
    </testcase>
    <testcase classname="auth getBellOptions provider should be named &quot;defra-id&quot;" name="auth getBellOptions provider should be named &quot;defra-id&quot;" time="0">
    </testcase>
    <testcase classname="auth getBellOptions provider should use oauth2 protocol" name="auth getBellOptions provider should use oauth2 protocol" time="0.001">
    </testcase>
    <testcase classname="auth getBellOptions provider should use params auth" name="auth getBellOptions provider should use params auth" time="0">
    </testcase>
    <testcase classname="auth getBellOptions provider should use authorization endpoint from oidc config" name="auth getBellOptions provider should use authorization endpoint from oidc config" time="0">
    </testcase>
    <testcase classname="auth getBellOptions provider should use token endpoint from oidc config" name="auth getBellOptions provider should use token endpoint from oidc config" time="0">
    </testcase>
    <testcase classname="auth getBellOptions provider should create a scope array" name="auth getBellOptions provider should create a scope array" time="0">
    </testcase>
    <testcase classname="auth getBellOptions provider should have a profile function" name="auth getBellOptions provider should have a profile function" time="0">
    </testcase>
    <testcase classname="auth getBellOptions provider profile should decode token provide from Entra" name="auth getBellOptions provider profile should decode token provide from Entra" time="0.006">
    </testcase>
    <testcase classname="auth getBellOptions provider profile should throw error if token is not provided" name="auth getBellOptions provider profile should throw error if token is not provided" time="0.006">
    </testcase>
    <testcase classname="auth getBellOptions provider profile should throw error if Jwt library throws error" name="auth getBellOptions provider profile should throw error if Jwt library throws error" time="0.005">
    </testcase>
    <testcase classname="auth getBellOptions provider profile should populate credentials profile with decoded token payload" name="auth getBellOptions provider profile should populate credentials profile with decoded token payload" time="0.005">
    </testcase>
    <testcase classname="auth getBellOptions provider profile should add sessionId property to credentials profile" name="auth getBellOptions provider profile should add sessionId property to credentials profile" time="0.004">
    </testcase>
    <testcase classname="auth getCookieOptions should return an object" name="auth getCookieOptions should return an object" time="0">
    </testcase>
    <testcase classname="auth getCookieOptions should return a cookie object" name="auth getCookieOptions should return a cookie object" time="0">
    </testcase>
    <testcase classname="auth getCookieOptions should return a redirectTo function" name="auth getCookieOptions should return a redirectTo function" time="0">
    </testcase>
    <testcase classname="auth getCookieOptions should return a validate function" name="auth getCookieOptions should return a validate function" time="0">
    </testcase>
    <testcase classname="auth getCookieOptions cookie should set cookie password from config" name="auth getCookieOptions cookie should set cookie password from config" time="0">
    </testcase>
    <testcase classname="auth getCookieOptions cookie should set cookie path to root" name="auth getCookieOptions cookie should set cookie path to root" time="0">
    </testcase>
    <testcase classname="auth getCookieOptions cookie should set isSecure from config" name="auth getCookieOptions cookie should set isSecure from config" time="0">
    </testcase>
    <testcase classname="auth getCookieOptions cookie should set isSameSite to Lax" name="auth getCookieOptions cookie should set isSameSite to Lax" time="0">
    </testcase>
    <testcase classname="auth getCookieOptions redirectTo should redirect to sign-in route" name="auth getCookieOptions redirectTo should redirect to sign-in route" time="0">
    </testcase>
    <testcase classname="auth getCookieOptions redirectTo should include redirect param in redirection to intended path" name="auth getCookieOptions redirectTo should include redirect param in redirection to intended path" time="0">
    </testcase>
    <testcase classname="auth getCookieOptions validate should return an object" name="auth getCookieOptions validate should return an object" time="0.005">
    </testcase>
    <testcase classname="auth getCookieOptions validate should get session from cache" name="auth getCookieOptions validate should get session from cache" time="0.004">
    </testcase>
    <testcase classname="auth getCookieOptions validate should decode token from session" name="auth getCookieOptions validate should decode token from session" time="0.004">
    </testcase>
    <testcase classname="auth getCookieOptions validate should verify token time" name="auth getCookieOptions validate should verify token time" time="0.005">
    </testcase>
    <testcase classname="auth getCookieOptions validate should return valid state if session exists and token is valid" name="auth getCookieOptions validate should return valid state if session exists and token is valid" time="0.004">
    </testcase>
    <testcase classname="auth getCookieOptions validate should add credentials as session data to request if session exists and token is valid" name="auth getCookieOptions validate should add credentials as session data to request if session exists and token is valid" time="0.004">
    </testcase>
    <testcase classname="auth getCookieOptions validate should return invalid state if session does not exist" name="auth getCookieOptions validate should return invalid state if session does not exist" time="0.005">
    </testcase>
    <testcase classname="auth getCookieOptions validate should return invalid state if token has expired and refresh tokens are disabled" name="auth getCookieOptions validate should return invalid state if token has expired and refresh tokens are disabled" time="0.004">
    </testcase>
    <testcase classname="auth getCookieOptions validate should refresh tokens if token is has expired and refresh tokens are enabled" name="auth getCookieOptions validate should refresh tokens if token is has expired and refresh tokens are enabled" time="0.004">
    </testcase>
    <testcase classname="auth getCookieOptions validate should overwrite session data in cache if tokens are refreshed" name="auth getCookieOptions validate should overwrite session data in cache if tokens are refreshed" time="0.004">
    </testcase>
    <testcase classname="auth getCookieOptions validate should return valid state if tokens are refreshed" name="auth getCookieOptions validate should return valid state if tokens are refreshed" time="0.004">
    </testcase>
  </testsuite>
  <testsuite name="auth routes" errors="0" failures="0" skipped="0" timestamp="2026-04-10T10:06:40" time="0.577" tests="23">
    <testcase classname="auth routes GET /auth/sign-in redirects to /home if authenticated" name="auth routes GET /auth/sign-in redirects to /home if authenticated" time="0.018">
    </testcase>
    <testcase classname="auth routes GET /auth/sign-in redirects to oidc sign in if unauthenticated" name="auth routes GET /auth/sign-in redirects to oidc sign in if unauthenticated" time="0.012">
    </testcase>
    <testcase classname="auth routes GET /auth/sign-in-oidc redirects to oidc sign in page if unauthenticated" name="auth routes GET /auth/sign-in-oidc redirects to oidc sign in page if unauthenticated" time="0.002">
    </testcase>
    <testcase classname="auth routes GET /auth/sign-in-oidc should return unauthorised view if unauthenticated but redirected from Entra" name="auth routes GET /auth/sign-in-oidc should return unauthorised view if unauthenticated but redirected from Entra" time="0.056">
    </testcase>
    <testcase classname="auth routes GET /auth/sign-in-oidc should verify JWT token against public key" name="auth routes GET /auth/sign-in-oidc should verify JWT token against public key" time="0.004">
    </testcase>
    <testcase classname="auth routes GET /auth/sign-in-oidc should return error page if token verification fails" name="auth routes GET /auth/sign-in-oidc should return error page if token verification fails" time="0.019">
    </testcase>
    <testcase classname="auth routes GET /auth/sign-in-oidc should set authentication status in session cache" name="auth routes GET /auth/sign-in-oidc should set authentication status in session cache" time="0.003">
    </testcase>
    <testcase classname="auth routes GET /auth/sign-in-oidc should set user profile properties at top level in session cache" name="auth routes GET /auth/sign-in-oidc should set user profile properties at top level in session cache" time="0.001">
    </testcase>
    <testcase classname="auth routes GET /auth/sign-in-oidc should set token and refresh token in session cache" name="auth routes GET /auth/sign-in-oidc should set token and refresh token in session cache" time="0.001">
    </testcase>
    <testcase classname="auth routes GET /auth/sign-in-oidc should set cookie session" name="auth routes GET /auth/sign-in-oidc should set cookie session" time="0.002">
    </testcase>
    <testcase classname="auth routes GET /auth/sign-in-oidc should ensure redirect path is safe" name="auth routes GET /auth/sign-in-oidc should ensure redirect path is safe" time="0.001">
    </testcase>
    <testcase classname="auth routes GET /auth/sign-in-oidc redirects to safe redirect path" name="auth routes GET /auth/sign-in-oidc redirects to safe redirect path" time="0.001">
    </testcase>
    <testcase classname="auth routes GET /auth/sign-out redirects to oidc sign out url if authenticated with session cookie" name="auth routes GET /auth/sign-out redirects to oidc sign out url if authenticated with session cookie" time="0.001">
    </testcase>
    <testcase classname="auth routes GET /auth/sign-out redirects to index page if unauthenticated" name="auth routes GET /auth/sign-out redirects to index page if unauthenticated" time="0.002">
    </testcase>
    <testcase classname="auth routes GET /auth/sign-out should return error page if unable to get sign out url" name="auth routes GET /auth/sign-out should return error page if unable to get sign out url" time="0.001">
    </testcase>
    <testcase classname="auth routes GET /auth/sign-out-oidc should validate state if authenticated" name="auth routes GET /auth/sign-out-oidc should validate state if authenticated" time="0.001">
    </testcase>
    <testcase classname="auth routes GET /auth/sign-out-oidc should return error page if state validation fails" name="auth routes GET /auth/sign-out-oidc should return error page if state validation fails" time="0.001">
    </testcase>
    <testcase classname="auth routes GET /auth/sign-out-oidc should not validate state if unauthenticated" name="auth routes GET /auth/sign-out-oidc should not validate state if unauthenticated" time="0.001">
    </testcase>
    <testcase classname="auth routes GET /auth/sign-out-oidc should clear session cache if authenticated and session id" name="auth routes GET /auth/sign-out-oidc should clear session cache if authenticated and session id" time="0.001">
    </testcase>
    <testcase classname="auth routes GET /auth/sign-out-oidc should clear session cookie if authenticated and session id" name="auth routes GET /auth/sign-out-oidc should clear session cookie if authenticated and session id" time="0.001">
    </testcase>
    <testcase classname="auth routes GET /auth/sign-out-oidc should clear session cookie if authenticated and no session id" name="auth routes GET /auth/sign-out-oidc should clear session cookie if authenticated and no session id" time="0">
    </testcase>
    <testcase classname="auth routes GET /auth/sign-out-oidc should redirect to index page if authenticated" name="auth routes GET /auth/sign-out-oidc should redirect to index page if authenticated" time="0">
    </testcase>
    <testcase classname="auth routes GET /auth/sign-out-oidc should redirect to index page if not authenticated" name="auth routes GET /auth/sign-out-oidc should redirect to index page if not authenticated" time="0.002">
    </testcase>
  </testsuite>
  <testsuite name="refreshTokens" errors="0" failures="0" skipped="0" timestamp="2026-04-10T10:06:41" time="0.062" tests="12">
    <testcase classname="refreshTokens should get oidc config" name="refreshTokens should get oidc config" time="0.002">
    </testcase>
    <testcase classname="refreshTokens should get client id from config" name="refreshTokens should get client id from config" time="0">
    </testcase>
    <testcase classname="refreshTokens should get client secret from config" name="refreshTokens should get client secret from config" time="0">
    </testcase>
    <testcase classname="refreshTokens should get redirect url from config" name="refreshTokens should get redirect url from config" time="0">
    </testcase>
    <testcase classname="refreshTokens should make api post request to token endpoint host" name="refreshTokens should make api post request to token endpoint host" time="0.001">
    </testcase>
    <testcase classname="refreshTokens should make api post request to token endpoint path" name="refreshTokens should make api post request to token endpoint path" time="0">
    </testcase>
    <testcase classname="refreshTokens should make api post request to token endpoint with query string" name="refreshTokens should make api post request to token endpoint with query string" time="0">
    </testcase>
    <testcase classname="refreshTokens should make api post request to token endpoint with content type header" name="refreshTokens should make api post request to token endpoint with content type header" time="0.001">
    </testcase>
    <testcase classname="refreshTokens should make api post request to token endpoint and parse response to json" name="refreshTokens should make api post request to token endpoint and parse response to json" time="0">
    </testcase>
    <testcase classname="refreshTokens should return the payload from the API response" name="refreshTokens should return the payload from the API response" time="0">
    </testcase>
    <testcase classname="refreshTokens should throw error if get oidc config fails" name="refreshTokens should throw error if get oidc config fails" time="0.002">
    </testcase>
    <testcase classname="refreshTokens should throw an error if the api request fails" name="refreshTokens should throw an error if the api request fails" time="0">
    </testcase>
  </testsuite>
  <testsuite name="views" errors="0" failures="0" skipped="0" timestamp="2026-04-10T10:06:41" time="0.169" tests="16">
    <testcase classname="views should return an object" name="views should return an object" time="0.01">
    </testcase>
    <testcase classname="views should register the Vision plugin" name="views should register the Vision plugin" time="0">
    </testcase>
    <testcase classname="views should configure a nunjucks template engine" name="views should configure a nunjucks template engine" time="0.001">
    </testcase>
    <testcase classname="views should set compile function on nunjucks engine" name="views should set compile function on nunjucks engine" time="0">
    </testcase>
    <testcase classname="views should set prepare function on nunjucks engine" name="views should set prepare function on nunjucks engine" time="0">
    </testcase>
    <testcase classname="views should set relative path to the views directory" name="views should set relative path to the views directory" time="0">
    </testcase>
    <testcase classname="views should specify that the views directory path is relative to the plugins directory" name="views should specify that the views directory path is relative to the plugins directory" time="0.001">
    </testcase>
    <testcase classname="views should not cache templates if in development" name="views should not cache templates if in development" time="0">
    </testcase>
    <testcase classname="views should cache templates if not in development" name="views should cache templates if not in development" time="0.037">
    </testcase>
    <testcase classname="views should set the context as a function" name="views should set the context as a function" time="0">
    </testcase>
    <testcase classname="views compile should return a function" name="views compile should return a function" time="0.001">
    </testcase>
    <testcase classname="views compile should return a function that renders the template" name="views compile should return a function that renders the template" time="0.002">
    </testcase>
    <testcase classname="views prepare should call the next function" name="views prepare should call the next function" time="0.029">
    </testcase>
    <testcase classname="views prepare should set the compileOptions.environment property" name="views prepare should set the compileOptions.environment property" time="0">
    </testcase>
    <testcase classname="views context should return an empty object if not authenticated" name="views context should return an empty object if not authenticated" time="0.001">
    </testcase>
    <testcase classname="views context should return all session data to auth context" name="views context should return all session data to auth context" time="0">
    </testcase>
  </testsuite>
  <testsuite name="hapi server" errors="0" failures="0" skipped="0" timestamp="2026-04-10T10:06:41" time="0.233" tests="16">
    <testcase classname="hapi server should return a server instance" name="hapi server should return a server instance" time="0.01">
    </testcase>
    <testcase classname="hapi server should be a hapi server" name="hapi server should be a hapi server" time="0.003">
    </testcase>
    <testcase classname="hapi server should listen on host from config" name="hapi server should listen on host from config" time="0.003">
    </testcase>
    <testcase classname="hapi server should listen on port from config" name="hapi server should listen on port from config" time="0.002">
    </testcase>
    <testcase classname="hapi server should not complete route validation in full" name="hapi server should not complete route validation in full" time="0.002">
    </testcase>
    <testcase classname="hapi server should strip trailing slashes from route requests" name="hapi server should strip trailing slashes from route requests" time="0.003">
    </testcase>
    <testcase classname="hapi server should setup cache configuration array with single cache" name="hapi server should setup cache configuration array with single cache" time="0.002">
    </testcase>
    <testcase classname="hapi server should setup cache with name from config" name="hapi server should setup cache with name from config" time="0.002">
    </testcase>
    <testcase classname="hapi server should setup cache with CatboxRedis provider" name="hapi server should setup cache with CatboxRedis provider" time="0.002">
    </testcase>
    <testcase classname="hapi server should setup cache with host from config" name="hapi server should setup cache with host from config" time="0.003">
    </testcase>
    <testcase classname="hapi server should setup cache with port from config" name="hapi server should setup cache with port from config" time="0.002">
    </testcase>
    <testcase classname="hapi server should setup cache with password from config" name="hapi server should setup cache with password from config" time="0.002">
    </testcase>
    <testcase classname="hapi server should setup cache with tls from config" name="hapi server should setup cache with tls from config" time="0.003">
    </testcase>
    <testcase classname="hapi server should setup cache and add to server app" name="hapi server should setup cache and add to server app" time="0.002">
    </testcase>
    <testcase classname="hapi server should get cache config from config" name="hapi server should get cache config from config" time="0.002">
    </testcase>
    <testcase classname="hapi server should register plugins" name="hapi server should register plugins" time="0.003">
    </testcase>
  </testsuite>
  <testsuite name="headers" errors="0" failures="0" skipped="0" timestamp="2026-04-10T10:06:41" time="0.664" tests="13">
    <testcase classname="headers should prevent MIME sniffing attacks " name="headers should prevent MIME sniffing attacks " time="0.081">
    </testcase>
    <testcase classname="headers should prevent clickjacking attacks" name="headers should prevent clickjacking attacks" time="0.047">
    </testcase>
    <testcase classname="headers should prevent robots from indexing pages" name="headers should prevent robots from indexing pages" time="0.051">
    </testcase>
    <testcase classname="headers should prevent cross-site scripting attacks" name="headers should prevent cross-site scripting attacks" time="0.093">
    </testcase>
    <testcase classname="headers should ensure pages can only interact with the same origin" name="headers should ensure pages can only interact with the same origin" time="0.02">
    </testcase>
    <testcase classname="headers should ensure pages can only be embedded by the same origin" name="headers should ensure pages can only be embedded by the same origin" time="0.017">
    </testcase>
    <testcase classname="headers should ensure pages can only interact with the same site" name="headers should ensure pages can only interact with the same site" time="0.017">
    </testcase>
    <testcase classname="headers should ensure no referrer information is leaked" name="headers should ensure no referrer information is leaked" time="0.015">
    </testcase>
    <testcase classname="headers should ensure strict transport security" name="headers should ensure strict transport security" time="0.016">
    </testcase>
    <testcase classname="headers should restrict permissions for sensitive features" name="headers should restrict permissions for sensitive features" time="0.022">
    </testcase>
    <testcase classname="headers should not override cache headers for index page" name="headers should not override cache headers for index page" time="0.016">
    </testcase>
    <testcase classname="headers should not override cache headers for assets" name="headers should not override cache headers for assets" time="0.016">
    </testcase>
    <testcase classname="headers should override cache headers for non-index pages" name="headers should override cache headers for non-index pages" time="0.017">
    </testcase>
  </testsuite>
  <testsuite name="registerPlugins" errors="0" failures="0" skipped="0" timestamp="2026-04-10T10:06:42" time="0.2" tests="15">
    <testcase classname="registerPlugins should register an array of plugins" name="registerPlugins should register an array of plugins" time="0.002">
    </testcase>
    <testcase classname="registerPlugins should register Inert plugin" name="registerPlugins should register Inert plugin" time="0">
    </testcase>
    <testcase classname="registerPlugins should register Crumb plugin" name="registerPlugins should register Crumb plugin" time="0.001">
    </testcase>
    <testcase classname="registerPlugins should register Bell plugin" name="registerPlugins should register Bell plugin" time="0">
    </testcase>
    <testcase classname="registerPlugins should register Cookie plugin" name="registerPlugins should register Cookie plugin" time="0">
    </testcase>
    <testcase classname="registerPlugins should register Scooter plugin" name="registerPlugins should register Scooter plugin" time="0">
    </testcase>
    <testcase classname="registerPlugins should register csp plugin" name="registerPlugins should register csp plugin" time="0.001">
    </testcase>
    <testcase classname="registerPlugins should register auth plugin" name="registerPlugins should register auth plugin" time="0">
    </testcase>
    <testcase classname="registerPlugins should register session plugin" name="registerPlugins should register session plugin" time="0">
    </testcase>
    <testcase classname="registerPlugins should register logging plugin" name="registerPlugins should register logging plugin" time="0">
    </testcase>
    <testcase classname="registerPlugins should register errors plugin" name="registerPlugins should register errors plugin" time="0.001">
    </testcase>
    <testcase classname="registerPlugins should register headers plugin" name="registerPlugins should register headers plugin" time="0">
    </testcase>
    <testcase classname="registerPlugins should register views plugin" name="registerPlugins should register views plugin" time="0">
    </testcase>
    <testcase classname="registerPlugins should register router plugin" name="registerPlugins should register router plugin" time="0">
    </testcase>
    <testcase classname="registerPlugins should register headers plugin after errors plugin" name="registerPlugins should register headers plugin after errors plugin" time="0.001">
    </testcase>
  </testsuite>
  <testsuite name="getSignOutUrl" errors="0" failures="0" skipped="0" timestamp="2026-04-10T10:06:42" time="0.058" tests="10">
    <testcase classname="getSignOutUrl should get oidc config" name="getSignOutUrl should get oidc config" time="0.001">
    </testcase>
    <testcase classname="getSignOutUrl should create state from request" name="getSignOutUrl should create state from request" time="0.001">
    </testcase>
    <testcase classname="getSignOutUrl should get redirect url from config" name="getSignOutUrl should get redirect url from config" time="0">
    </testcase>
    <testcase classname="getSignOutUrl should return url with post_logout_redirect_uri as sign out url from config" name="getSignOutUrl should return url with post_logout_redirect_uri as sign out url from config" time="0.001">
    </testcase>
    <testcase classname="getSignOutUrl should return url with logout_hint loginHint" name="getSignOutUrl should return url with logout_hint loginHint" time="0">
    </testcase>
    <testcase classname="getSignOutUrl should return url with created state" name="getSignOutUrl should return url with created state" time="0">
    </testcase>
    <testcase classname="getSignOutUrl should return url with all parameters encoded" name="getSignOutUrl should return url with all parameters encoded" time="0">
    </testcase>
    <testcase classname="getSignOutUrl should return all properties in correctly formatted url" name="getSignOutUrl should return all properties in correctly formatted url" time="0.001">
    </testcase>
    <testcase classname="getSignOutUrl should throw an error if oidc config request fails" name="getSignOutUrl should throw an error if oidc config request fails" time="0.002">
    </testcase>
    <testcase classname="getSignOutUrl should throw an error if state creation fails" name="getSignOutUrl should throw an error if state creation fails" time="0">
    </testcase>
  </testsuite>
  <testsuite name="cache config" errors="0" failures="0" skipped="0" timestamp="2026-04-10T10:06:42" time="0.124" tests="13">
    <testcase classname="cache config should return cache name as &quot;redis&quot;" name="cache config should return cache name as &quot;redis&quot;" time="0.006">
    </testcase>
    <testcase classname="cache config should return cache host from environment variable" name="cache config should return cache host from environment variable" time="0.005">
    </testcase>
    <testcase classname="cache config should throw error if host environment variable is not set" name="cache config should throw error if host environment variable is not set" time="0.001">
    </testcase>
    <testcase classname="cache config should return cache port from environment variable" name="cache config should return cache port from environment variable" time="0.008">
    </testcase>
    <testcase classname="cache config should return port a 6379 if environment variable is not set" name="cache config should return port a 6379 if environment variable is not set" time="0.005">
    </testcase>
    <testcase classname="cache config should return cache password from environment variable" name="cache config should return cache password from environment variable" time="0.005">
    </testcase>
    <testcase classname="cache config should return password as undefined if environment variable is not set and environment is not production" name="cache config should return password as undefined if environment variable is not set and environment is not production" time="0.006">
    </testcase>
    <testcase classname="cache config should throw error if password environment variable is not set and environment is production" name="cache config should throw error if password environment variable is not set and environment is production" time="0">
    </testcase>
    <testcase classname="cache config should return cache tls as undefined if environment is not production" name="cache config should return cache tls as undefined if environment is not production" time="0.007">
    </testcase>
    <testcase classname="cache config should return cache as empty object if environment is production" name="cache config should return cache as empty object if environment is production" time="0.005">
    </testcase>
    <testcase classname="cache config should return cache segment as &quot;session&quot;" name="cache config should return cache segment as &quot;session&quot;" time="0.005">
    </testcase>
    <testcase classname="cache config should return cache ttl from environment variable" name="cache config should return cache ttl from environment variable" time="0.005">
    </testcase>
    <testcase classname="cache config should return ttl as 24 hours if environment variable is not set" name="cache config should return ttl as 24 hours if environment variable is not set" time="0.005">
    </testcase>
  </testsuite>
  <testsuite name="errors" errors="0" failures="0" skipped="0" timestamp="2026-04-10T10:06:42" time="0.383" tests="5">
    <testcase classname="errors should return 403 for forbidden route" name="errors should return 403 for forbidden route" time="0.054">
    </testcase>
    <testcase classname="errors should return 404 for non-existent route" name="errors should return 404 for non-existent route" time="0.032">
    </testcase>
    <testcase classname="errors should return 500 for internal server error" name="errors should return 500 for internal server error" time="0.023">
    </testcase>
    <testcase classname="errors should pass through to next handler if no error" name="errors should pass through to next handler if no error" time="0.03">
    </testcase>
    <testcase classname="errors should preserve security headers if error" name="errors should preserve security headers if error" time="0.018">
    </testcase>
  </testsuite>
  <testsuite name="Entra config" errors="0" failures="0" skipped="0" timestamp="2026-04-10T10:06:42" time="0.144" tests="10">
    <testcase classname="Entra config should return well known url from environment variable" name="Entra config should return well known url from environment variable" time="0.009">
    </testcase>
    <testcase classname="Entra config should default to development if environment variable is not set" name="Entra config should default to development if environment variable is not set" time="0.008">
    </testcase>
    <testcase classname="Entra config should return host from environment variable" name="Entra config should return host from environment variable" time="0.009">
    </testcase>
    <testcase classname="Entra config should default host to &quot;0.0.0.0&quot; if environment variable is not set" name="Entra config should default host to &quot;0.0.0.0&quot; if environment variable is not set" time="0.008">
    </testcase>
    <testcase classname="Entra config should return port from environment variable" name="Entra config should return port from environment variable" time="0.008">
    </testcase>
    <testcase classname="Entra config should default port to 3001 if environment variable is not set" name="Entra config should default port to 3001 if environment variable is not set" time="0.008">
    </testcase>
    <testcase classname="Entra config should return cookie password from environment variable" name="Entra config should return cookie password from environment variable" time="0.009">
    </testcase>
    <testcase classname="Entra config should throw error if cookie password environment variable is not set" name="Entra config should throw error if cookie password environment variable is not set" time="0.001">
    </testcase>
    <testcase classname="Entra config should include Entra config" name="Entra config should include Entra config" time="0.013">
    </testcase>
    <testcase classname="Entra config should include cache config" name="Entra config should include cache config" time="0.009">
    </testcase>
  </testsuite>
  <testsuite name="createState" errors="0" failures="0" skipped="0" timestamp="2026-04-10T10:06:43" time="0.061" tests="10">
    <testcase classname="createState should generate a unique id for the state" name="createState should generate a unique id for the state" time="0.001">
    </testcase>
    <testcase classname="createState should store the state in the session in the state key" name="createState should store the state in the session in the state key" time="0">
    </testcase>
    <testcase classname="createState should store state as a base64 encoded string" name="createState should store state as a base64 encoded string" time="0">
    </testcase>
    <testcase classname="createState should store the unique id in the state" name="createState should store the unique id in the state" time="0">
    </testcase>
    <testcase classname="createState should return the state" name="createState should return the state" time="0">
    </testcase>
    <testcase classname="validateState should get the state from the session" name="validateState should get the state from the session" time="0">
    </testcase>
    <testcase classname="validateState should clear the state from the session" name="validateState should clear the state from the session" time="0">
    </testcase>
    <testcase classname="validateState should not throw an error if stored state matches returned state" name="validateState should not throw an error if stored state matches returned state" time="0">
    </testcase>
    <testcase classname="validateState should throw an error if stored state does not match returned state" name="validateState should throw an error if stored state does not match returned state" time="0.002">
    </testcase>
    <testcase classname="validateState should throw an error if no stored state is found" name="validateState should throw an error if no stored state is found" time="0">
    </testcase>
  </testsuite>
  <testsuite name="auth" errors="0" failures="0" skipped="0" timestamp="2026-04-10T10:06:43" time="0.124" tests="13">
    <testcase classname="auth should return an array of routes" name="auth should return an array of routes" time="0.001">
    </testcase>
    <testcase classname="auth GET /auth/sign-in should exist" name="auth GET /auth/sign-in should exist" time="0.001">
    </testcase>
    <testcase classname="auth GET /auth/sign-in should require authentication with Entra" name="auth GET /auth/sign-in should require authentication with Entra" time="0">
    </testcase>
    <testcase classname="auth GET /auth/sign-in should have a handler" name="auth GET /auth/sign-in should have a handler" time="0">
    </testcase>
    <testcase classname="auth GET /auth/sign-in-oidc should exist" name="auth GET /auth/sign-in-oidc should exist" time="0">
    </testcase>
    <testcase classname="auth GET /auth/sign-in-oidc should attempt authentication with Entra" name="auth GET /auth/sign-in-oidc should attempt authentication with Entra" time="0">
    </testcase>
    <testcase classname="auth GET /auth/sign-in-oidc should have a handler" name="auth GET /auth/sign-in-oidc should have a handler" time="0">
    </testcase>
    <testcase classname="auth GET /auth/sign-out should exist" name="auth GET /auth/sign-out should exist" time="0">
    </testcase>
    <testcase classname="auth GET /auth/sign-out should try and authenticate with default authentication strategy" name="auth GET /auth/sign-out should try and authenticate with default authentication strategy" time="0">
    </testcase>
    <testcase classname="auth GET /auth/sign-out should have a handler" name="auth GET /auth/sign-out should have a handler" time="0">
    </testcase>
    <testcase classname="auth GET /auth/sign-out-oidc should exist" name="auth GET /auth/sign-out-oidc should exist" time="0">
    </testcase>
    <testcase classname="auth GET /auth/sign-out-oidc should attempt to authenticate with default strategy" name="auth GET /auth/sign-out-oidc should attempt to authenticate with default strategy" time="0">
    </testcase>
    <testcase classname="auth GET /auth/sign-out-oidc should have a handler" name="auth GET /auth/sign-out-oidc should have a handler" time="0">
    </testcase>
  </testsuite>
  <testsuite name="session" errors="0" failures="0" skipped="0" timestamp="2026-04-10T10:06:43" time="0.111" tests="10">
    <testcase classname="session should return an object" name="session should return an object" time="0.002">
    </testcase>
    <testcase classname="session should register the Yar plugin" name="session should register the Yar plugin" time="0.002">
    </testcase>
    <testcase classname="session should no create cookie if no data is set" name="session should no create cookie if no data is set" time="0">
    </testcase>
    <testcase classname="session should always store data server side" name="session should always store data server side" time="0">
    </testcase>
    <testcase classname="session should set cache name from config" name="session should set cache name from config" time="0">
    </testcase>
    <testcase classname="session should set cache segment from config suffixed with -temp" name="session should set cache segment from config suffixed with -temp" time="0">
    </testcase>
    <testcase classname="session should set cookie password from config" name="session should set cookie password from config" time="0">
    </testcase>
    <testcase classname="session should set insecure cookie if in development" name="session should set insecure cookie if in development" time="0">
    </testcase>
    <testcase classname="session should set secure cookie if not in development" name="session should set secure cookie if not in development" time="0.024">
    </testcase>
    <testcase classname="session should set SameSite cookie to Lax" name="session should set SameSite cookie to Lax" time="0.001">
    </testcase>
  </testsuite>
  <testsuite name="createState" errors="0" failures="0" skipped="0" timestamp="2026-04-10T10:06:43" time="0.845" tests="4">
    <testcase classname="createState should get oidc config" name="createState should get oidc config" time="0.02">
    </testcase>
    <testcase classname="createState should make api get request to jwks uri and parse response to json" name="createState should make api get request to jwks uri and parse response to json" time="0.002">
    </testcase>
    <testcase classname="createState should not throw error if the token was signed by the correct key" name="createState should not throw error if the token was signed by the correct key" time="0.002">
    </testcase>
    <testcase classname="createState should throw error if the token was not signed by the correct key" name="createState should throw error if the token was not signed by the correct key" time="0.29">
    </testcase>
  </testsuite>
  <testsuite name="Entra config" errors="0" failures="0" skipped="0" timestamp="2026-04-10T10:06:44" time="0.101" tests="7">
    <testcase classname="Entra config should return well known url from environment variable" name="Entra config should return well known url from environment variable" time="0.007">
    </testcase>
    <testcase classname="Entra config should return client id from environment variable" name="Entra config should return client id from environment variable" time="0.007">
    </testcase>
    <testcase classname="Entra config should return client secret from environment variable" name="Entra config should return client secret from environment variable" time="0.006">
    </testcase>
    <testcase classname="Entra config should return redirect url from environment variable" name="Entra config should return redirect url from environment variable" time="0.007">
    </testcase>
    <testcase classname="Entra config should return sign out redirect url from environment variable" name="Entra config should return sign out redirect url from environment variable" time="0.006">
    </testcase>
    <testcase classname="Entra config should return refresh tokens from environment variable" name="Entra config should return refresh tokens from environment variable" time="0.006">
    </testcase>
    <testcase classname="Entra config should default to refreshing tokens if environment variable is not set" name="Entra config should default to refreshing tokens if environment variable is not set" time="0.006">
    </testcase>
  </testsuite>
  <testsuite name="errors" errors="0" failures="0" skipped="0" timestamp="2026-04-10T10:06:44" time="0.06" tests="5">
    <testcase classname="errors should return an object" name="errors should return an object" time="0.001">
    </testcase>
    <testcase classname="errors should name the plugin" name="errors should name the plugin" time="0.001">
    </testcase>
    <testcase classname="errors should have a register function" name="errors should have a register function" time="0">
    </testcase>
    <testcase classname="errors errors plugin extension handler should register onPreResponse handler" name="errors errors plugin extension handler should register onPreResponse handler" time="0.001">
    </testcase>
    <testcase classname="errors errors plugin extension handler should preserve non-content headers if error" name="errors errors plugin extension handler should preserve non-content headers if error" time="0.001">
    </testcase>
  </testsuite>
  <testsuite name="home route" errors="0" failures="0" skipped="0" timestamp="2026-04-10T10:06:44" time="0.306" tests="3">
    <testcase classname="home route GET /home returns index view if authenticated and has &quot;user&quot; scope" name="home route GET /home returns index view if authenticated and has &quot;user&quot; scope" time="0.028">
    </testcase>
    <testcase classname="home route GET /home redirects to /auth/sign-in if not authenticated" name="home route GET /home redirects to /auth/sign-in if not authenticated" time="0.002">
    </testcase>
    <testcase classname="home route GET /home returns 403 view if authenticated but not in &quot;user&quot; role" name="home route GET /home returns 403 view if authenticated but not in &quot;user&quot; role" time="0.011">
    </testcase>
  </testsuite>
  <testsuite name="getOidcConfig" errors="0" failures="0" skipped="0" timestamp="2026-04-10T10:06:44" time="0.064" tests="4">
    <testcase classname="getOidcConfig should get well known url from config" name="getOidcConfig should get well known url from config" time="0.002">
    </testcase>
    <testcase classname="getOidcConfig should make api get request to well known url and parse response to json" name="getOidcConfig should make api get request to well known url and parse response to json" time="0">
    </testcase>
    <testcase classname="getOidcConfig should return the payload from the API response" name="getOidcConfig should return the payload from the API response" time="0">
    </testcase>
    <testcase classname="getOidcConfig should throw an error if the API request fails" name="getOidcConfig should throw an error if the API request fails" time="0.002">
    </testcase>
  </testsuite>
  <testsuite name="contentSecurityPolicy" errors="0" failures="0" skipped="0" timestamp="2026-04-10T10:06:44" time="0.092" tests="9">
    <testcase classname="contentSecurityPolicy should return an object" name="contentSecurityPolicy should return an object" time="0.001">
    </testcase>
    <testcase classname="contentSecurityPolicy should register the Blankie plugin" name="contentSecurityPolicy should register the Blankie plugin" time="0.001">
    </testcase>
    <testcase classname="contentSecurityPolicy should restrict the font src to self" name="contentSecurityPolicy should restrict the font src to self" time="0">
    </testcase>
    <testcase classname="contentSecurityPolicy should restrict the img src to self" name="contentSecurityPolicy should restrict the img src to self" time="0">
    </testcase>
    <testcase classname="contentSecurityPolicy should restrict the script src to self and GOV.UK hash" name="contentSecurityPolicy should restrict the script src to self and GOV.UK hash" time="0.001">
    </testcase>
    <testcase classname="contentSecurityPolicy should restrict the style src to self" name="contentSecurityPolicy should restrict the style src to self" time="0">
    </testcase>
    <testcase classname="contentSecurityPolicy should restrict the frame ancestors to self" name="contentSecurityPolicy should restrict the frame ancestors to self" time="0">
    </testcase>
    <testcase classname="contentSecurityPolicy should restrict the form action to self" name="contentSecurityPolicy should restrict the form action to self" time="0">
    </testcase>
    <testcase classname="contentSecurityPolicy should generate nonces" name="contentSecurityPolicy should generate nonces" time="0.001">
    </testcase>
  </testsuite>
  <testsuite name="assets" errors="0" failures="0" skipped="0" timestamp="2026-04-10T10:06:45" time="0.06" tests="7">
    <testcase classname="assets should return an object" name="assets should return an object" time="0.001">
    </testcase>
    <testcase classname="assets should return GET /assets route" name="assets should return GET /assets route" time="0">
    </testcase>
    <testcase classname="assets should not require authentication" name="assets should not require authentication" time="0">
    </testcase>
    <testcase classname="assets should return an array of asset paths" name="assets should return an array of asset paths" time="0.001">
    </testcase>
    <testcase classname="assets should return any govuk frontend asset" name="assets should return any govuk frontend asset" time="0">
    </testcase>
    <testcase classname="assets should return any govuk rebrand frontend asset" name="assets should return any govuk rebrand frontend asset" time="0">
    </testcase>
    <testcase classname="assets should return any local asset" name="assets should return any local asset" time="0">
    </testcase>
  </testsuite>
  <testsuite name="getSafeRedirect" errors="0" failures="0" skipped="0" timestamp="2026-04-10T10:06:45" time="0.066" tests="5">
    <testcase classname="getSafeRedirect should return provided redirect if it is a local route starting with &quot;/&quot;" name="getSafeRedirect should return provided redirect if it is a local route starting with &quot;/&quot;" time="0.002">
    </testcase>
    <testcase classname="getSafeRedirect should return &quot;/home&quot; if redirect is not a local route" name="getSafeRedirect should return &quot;/home&quot; if redirect is not a local route" time="0">
    </testcase>
    <testcase classname="getSafeRedirect should return &quot;/home&quot; if redirect is a domain name only" name="getSafeRedirect should return &quot;/home&quot; if redirect is a domain name only" time="0">
    </testcase>
    <testcase classname="getSafeRedirect should return &quot;/home&quot; if redirect is undefined" name="getSafeRedirect should return &quot;/home&quot; if redirect is undefined" time="0">
    </testcase>
    <testcase classname="getSafeRedirect should return &quot;/home&quot; if redirect is null" name="getSafeRedirect should return &quot;/home&quot; if redirect is null" time="0.001">
    </testcase>
  </testsuite>
  <testsuite name="assets route" errors="0" failures="0" skipped="0" timestamp="2026-04-10T10:06:45" time="0.282" tests="2">
    <testcase classname="assets route GET /assets returns local asset" name="assets route GET /assets returns local asset" time="0.012">
    </testcase>
    <testcase classname="assets route GET /assets returns node_modules asset" name="assets route GET /assets returns node_modules asset" time="0.002">
    </testcase>
  </testsuite>
  <testsuite name="index route" errors="0" failures="0" skipped="0" timestamp="2026-04-10T10:06:45" time="0.3" tests="1">
    <testcase classname="index route GET / returns index view" name="index route GET / returns index view" time="0.03">
    </testcase>
  </testsuite>
  <testsuite name="home" errors="0" failures="0" skipped="0" timestamp="2026-04-10T10:06:45" time="0.07" tests="5">
    <testcase classname="home should return an object" name="home should return an object" time="0.002">
    </testcase>
    <testcase classname="home should return GET /home route" name="home should return GET /home route" time="0">
    </testcase>
    <testcase classname="home should use default authentication strategy" name="home should use default authentication strategy" time="0">
    </testcase>
    <testcase classname="home should restrict access to users with the &quot;user&quot; scope" name="home should restrict access to users with the &quot;user&quot; scope" time="0.001">
    </testcase>
    <testcase classname="home should have a handler" name="home should have a handler" time="0">
    </testcase>
  </testsuite>
  <testsuite name="content security policy" errors="0" failures="0" skipped="0" timestamp="2026-04-10T10:06:45" time="0.305" tests="1">
    <testcase classname="content security policy should include content security policy header" name="content security policy should include content security policy header" time="0.063">
    </testcase>
  </testsuite>
  <testsuite name="index" errors="0" failures="0" skipped="0" timestamp="2026-04-10T10:06:46" time="0.065" tests="4">
    <testcase classname="index should return an object" name="index should return an object" time="0.001">
    </testcase>
    <testcase classname="index should return GET / route" name="index should return GET / route" time="0">
    </testcase>
    <testcase classname="index should try and authenticate using default strategy" name="index should try and authenticate using default strategy" time="0">
    </testcase>
    <testcase classname="index should have a handler" name="index should have a handler" time="0">
    </testcase>
  </testsuite>
  <testsuite name="start up" errors="0" failures="0" skipped="0" timestamp="2026-04-10T10:06:46" time="0.068" tests="1">
    <testcase classname="start up should start the web server" name="start up should start the web server" time="0.002">
    </testcase>
  </testsuite>
  <testsuite name="logging" errors="0" failures="0" skipped="0" timestamp="2026-04-10T10:06:46" time="0.084" tests="3">
    <testcase classname="logging should return an object" name="logging should return an object" time="0.001">
    </testcase>
    <testcase classname="logging should register the HapiPino plugin" name="logging should register the HapiPino plugin" time="0">
    </testcase>
    <testcase classname="logging should set log level to warn" name="logging should set log level to warn" time="0">
    </testcase>
  </testsuite>
  <testsuite name="headers" errors="0" failures="0" skipped="0" timestamp="2026-04-10T10:06:46" time="0.067" tests="3">
    <testcase classname="headers should return an object" name="headers should return an object" time="0.002">
    </testcase>
    <testcase classname="headers should name the plugin" name="headers should name the plugin" time="0">
    </testcase>
    <testcase classname="headers should have a register function" name="headers should have a register function" time="0">
    </testcase>
  </testsuite>
  <testsuite name="router" errors="0" failures="0" skipped="0" timestamp="2026-04-10T10:06:46" time="0.124" tests="3">
    <testcase classname="router should return an object" name="router should return an object" time="0.001">
    </testcase>
    <testcase classname="router should name the plugin" name="router should name the plugin" time="0">
    </testcase>
    <testcase classname="router should have a register function" name="router should have a register function" time="0">
    </testcase>
  </testsuite>
  <testsuite name="server" errors="0" failures="0" skipped="0" timestamp="2026-04-10T10:06:46" time="0.289" tests="1">
    <testcase classname="server starts successfully" name="server starts successfully" time="0.026">
    </testcase>
  </testsuite>
</testsuites>